	// Assign STATIC_AREA_ADDRESS to register "r0"
 	 loadI 1024 	=> r0 
	// Compute address of variable "a" at offset 0 in register 2
 	 loadI 0 	=> r1 
 	 add r0, r1 	=> r2 
 	 loadI 1 	=> r3 
 	 store r3 	=> r2 
	// Compute address of variable "b" at offset 4 in register 5
 	 loadI 4 	=> r4 
 	 add r0, r4 	=> r5 
 	 loadI 0 	=> r6 
 	 store r6 	=> r5 
	// Load RHS value of variable "a" at offset 0
 	 loadAI r0, 0 	=> r7 
	// Code for "PRINT" from offset -4
 	 storeAI r7 	=> r0, -4 
 	 outputAI r0, -4
	// Load RHS value of variable "b" at offset 4
 	 loadAI r0, 4 	=> r8 
	// Code for "PRINT" from offset -4
 	 storeAI r8 	=> r0, -4 
 	 outputAI r0, -4
	// Compute address of variable "c" at offset 8 in register 10
 	 loadI 8 	=> r9 
 	 add r0, r9 	=> r10 
	// Load RHS value of variable "a" at offset 0
 	 loadAI r0, 0 	=> r11 
	// Load RHS value of variable "b" at offset 4
 	 loadAI r0, 4 	=> r12 
 	 or r11, r12 	=> r13 
 	 store r13 	=> r10 
	// Load RHS value of variable "c" at offset 8
 	 loadAI r0, 8 	=> r14 
	// Code for "PRINT" from offset -4
 	 storeAI r14 	=> r0, -4 
 	 outputAI r0, -4
	// Compute address of variable "c" at offset 8 in register 16
 	 loadI 8 	=> r15 
 	 add r0, r15 	=> r16 
	// Load RHS value of variable "a" at offset 0
 	 loadAI r0, 0 	=> r17 
	// Load RHS value of variable "b" at offset 4
 	 loadAI r0, 4 	=> r18 
 	 and r17, r18 	=> r19 
 	 store r19 	=> r16 
	// Load RHS value of variable "c" at offset 8
 	 loadAI r0, 8 	=> r20 
	// Code for "PRINT" from offset -4
 	 storeAI r20 	=> r0, -4 
 	 outputAI r0, -4
